<?xml version='1.0' encoding='UTF-8' ?>
<testsuite name="eco.humanos.android.feature.outdoor.OutdoorPackingScreenAndroidTest" tests="2" failures="0" errors="0" skipped="0" time="4.539" timestamp="2026-06-28T09:45:31" hostname="localhost">
  <properties>
    <property name="device" value="HumanOS_Outdoor_Test_API_34(AVD) - 14" />
    <property name="flavor" value="" />
    <property name="project" value=":feature:feature-outdoor" />
  </properties>
  <testcase name="shows_preparation_incomplete_signal" classname="eco.humanos.android.feature.outdoor.OutdoorPackingScreenAndroidTest" time="2.238" />
  <testcase name="renders_title_and_technical_detail_without_safety_language" classname="eco.humanos.android.feature.outdoor.OutdoorPackingScreenAndroidTest" time="0.901" />
</testsuite>